[2026-04-18 03:26:32] 🤖 Bot iniciando...
[2026-04-18 03:26:35] ✅ Bot conectado: bot-MC#9278
[2026-04-18 03:26:35] ⚠️ Servidor Java detectado como encendido (externo).
[2026-04-18 03:26:35] Error consultando jugadores: [Errno 111] Connection refused
[2026-04-18 03:26:57] 🛑 Deteniendo servidor: 🛑 **Comando manual** del owner.
[2026-04-18 03:27:00] 💀 Forzando cierre de PID 149077
[2026-04-18 03:27:00] ✅ Servidor detenido correctamente.
[2026-04-18 03:27:23] 🛑 Deteniendo servidor: 🛑 **Comando manual** del owner.
[2026-04-18 03:27:26] ✅ Servidor detenido correctamente.
[2026-04-18 03:27:35] ⚠️ Servidor Java detectado como encendido (externo).
[2026-04-18 03:27:35] Error consultando jugadores: [Errno 111] Connection refused
[2026-04-18 03:28:35] Error consultando jugadores: [Errno 111] Connection refused
[2026-04-18 03:29:35] Error consultando jugadores: [Errno 111] Connection refused
[2026-04-18 03:30:35] Error consultando jugadores: [Errno 111] Connection refused
[2026-04-18 03:31:35] Error consultando jugadores: [Errno 111] Connection refused
[2026-04-18 03:31:35] ⚠️ Servidor vacío. Apagado en 10 min.
[2026-04-18 03:32:35] Error consultando jugadores: [Errno 111] Connection refused
[2026-04-18 03:33:35] Error consultando jugadores: [Errno 111] Connection refused
[2026-04-18 03:34:35] Error consultando jugadores: [Errno 111] Connection refused
[2026-04-18 03:35:35] Error consultando jugadores: [Errno 111] Connection refused
[2026-04-18 03:36:35] Error consultando jugadores: [Errno 111] Connection refused
[2026-04-18 03:36:35] ⚠️ Servidor vacío. Apagado en 5 min.
[2026-04-18 03:37:35] Error consultando jugadores: [Errno 111] Connection refused
[2026-04-18 03:38:35] Error consultando jugadores: [Errno 111] Connection refused
[2026-04-18 03:39:35] Error consultando jugadores: [Errno 111] Connection refused
[2026-04-18 03:40:35] Error consultando jugadores: [Errno 111] Connection refused
