[03:48:20] [ServerMain/INFO]: [bootstrap] Running Java 21 (OpenJDK 64-Bit Server VM 21.0.10+7-Ubuntu-124.04; Ubuntu null) on Linux 6.8.0-1044-azure (amd64)
[03:48:20] [ServerMain/INFO]: [bootstrap] Loading Paper 1.21.11-99-main@81b9122 (2026-01-20T19:08:30Z) for Minecraft 1.21.11
[03:48:20] [ServerMain/INFO]: [PluginInitializerManager] Initializing plugins...
[03:48:22] [ServerMain/INFO]: [PluginInitializerManager] Initialized 8 plugins
[03:48:22] [ServerMain/INFO]: [PluginInitializerManager] Bukkit plugins (8):
 - AuthMe (5.6.0-bCUSTOM), FastAsyncWorldEdit (2.15.1-SNAPSHOT-1300+088ea8a), GSit (3.3.3), Geyser-Spigot (2.9.5-SNAPSHOT), SkinsRestorer (15.12.0), ViaBackwards (5.8.1), ViaVersion (5.8.1), floodgate (2.2.5-SNAPSHOT (b132-5a72b6a))
[03:48:30] [ServerMain/INFO]: Environment: Environment[sessionHost=https://sessionserver.mojang.com, servicesHost=https://api.minecraftservices.com, profilesHost=https://api.mojang.com, name=PROD]
[03:48:36] [ServerMain/INFO]: Loaded 1470 recipes
[03:48:36] [ServerMain/INFO]: Loaded 1584 advancements
[03:48:36] [ServerMain/INFO]: [ca.spottedleaf.dataconverter.minecraft.datatypes.MCTypeRegistry] Initialising converters for DataConverter...
[03:48:37] [ServerMain/INFO]: [ca.spottedleaf.dataconverter.minecraft.datatypes.MCTypeRegistry] Finished initialising converters for DataConverter in 915.1ms
[03:48:37] [Server thread/INFO]: Starting minecraft server version 1.21.11
[03:48:37] [Server thread/INFO]: Loading properties
[03:48:37] [Server thread/INFO]: This server is running Paper version 1.21.11-99-main@81b9122 (2026-01-20T19:08:30Z) (Implementing API version 1.21.11-R0.1-SNAPSHOT)
[03:48:37] [Server thread/INFO]: [spark] This server bundles the spark profiler. For more information please visit https://docs.papermc.io/paper/profiling
[03:48:37] [Server thread/INFO]: Server Ping Player Sample Count: 12
[03:48:37] [Server thread/INFO]: Using 4 threads for Netty based IO
[03:48:40] [Server thread/INFO]: [MoonriseCommon] Paper is using 1 worker threads, 1 I/O threads
[03:48:41] [Server thread/INFO]: Default game type: SURVIVAL
[03:48:41] [Server thread/INFO]: Generating keypair
[03:48:41] [Server thread/INFO]: Starting Minecraft server on *:25565
[03:48:41] [Server thread/INFO]: Paper: Using libdeflate (Linux x86_64) compression from Velocity.
[03:48:41] [Server thread/INFO]: Paper: Using OpenSSL 3.x.x (Linux x86_64) cipher from Velocity.
[03:48:42] [Server thread/INFO]: [ViaVersion] Loading server plugin ViaVersion v5.8.1
[03:48:42] [Server thread/INFO]: [ViaVersion] ViaVersion 5.8.1 is now loaded. Registering protocol transformers and injecting...
[03:48:43] [Via-Mappingloader-1/INFO]: [ViaVersion] Loading block connection mappings ...
[03:48:44] [Via-Mappingloader-1/INFO]: [ViaVersion] Using FastUtil Long2ObjectOpenHashMap for block connections
[03:48:45] [Server thread/INFO]: [ViaBackwards] Loading translations...
[03:48:45] [Server thread/INFO]: [ViaBackwards] Registering protocols...
[03:48:46] [Server thread/INFO]: [floodgate] Loading server plugin floodgate v2.2.5-SNAPSHOT (b132-5a72b6a)
[03:48:47] [Server thread/WARN]: [floodgate] en_ is not a supported Floodgate language.
[03:48:47] [Server thread/INFO]: [floodgate] Took 1,252ms to boot Floodgate
[03:48:47] [Server thread/INFO]: [ViaBackwards] Loading server plugin ViaBackwards v5.8.1
[03:48:47] [Server thread/INFO]: [FastAsyncWorldEdit] Loading server plugin FastAsyncWorldEdit v2.15.1-SNAPSHOT-1300+088ea8a
[03:48:49] [Server thread/INFO]: Got request to register class com.sk89q.worldedit.bukkit.BukkitServerInterface with WorldEdit [com.sk89q.worldedit.extension.platform.PlatformManager@65969a4e]
[03:48:49] [Server thread/INFO]: [SkinsRestorer] Loading server plugin SkinsRestorer v15.12.0
[03:48:49] [Server thread/INFO]: [Geyser-Spigot] Loading server plugin Geyser-Spigot v2.9.5-SNAPSHOT
[03:48:49] [Server thread/INFO]: [Geyser-Spigot] Loading extensions...
[03:48:49] [Server thread/INFO]: [Geyser-Spigot] Loaded 0 extension(s)
[03:48:49] [Server thread/INFO]: [AuthMe] Loading server plugin AuthMe v5.6.0-bCUSTOM
[03:48:49] [Server thread/INFO]: [GSit] Loading server plugin GSit v3.3.3
[03:48:50] [Server thread/INFO]: Server permissions file permissions.yml is empty, ignoring it
[03:48:50] [Server thread/INFO]: [FastAsyncWorldEdit] Enabling FastAsyncWorldEdit v2.15.1-SNAPSHOT-1300+088ea8a
[03:48:50] [Server thread/INFO]: [com.fastasyncworldedit.core.Fawe] LZ4 Compression Binding loaded successfully
[03:48:50] [Server thread/INFO]: [com.fastasyncworldedit.core.Fawe] ZSTD Compression Binding loaded successfully
[03:48:50] [Server thread/INFO]: Registering commands with com.sk89q.worldedit.bukkit.BukkitServerInterface
[03:48:50] [Server thread/INFO]: WEPIF: Using the Bukkit Permissions API.
[03:48:50] [Server thread/INFO]: Using com.sk89q.worldedit.bukkit.adapter.impl.fawe.v1_21_11.PaperweightFaweAdapter as the Bukkit adapter
[03:48:52] [Server thread/INFO]: [SkinsRestorer] Enabling SkinsRestorer v15.12.0
[03:48:54] [Server thread/INFO]: [SkinsRestorer] Running on Minecraft 1.21.11.
[03:48:54] [Server thread/INFO]: [SkinsRestorer] Floodgate skin listener registered
[03:48:55] [Server thread/INFO]: [SkinsRestorer] Using paper join listener!
[03:48:55] [Server thread/WARN]: **** SERVER IS RUNNING IN OFFLINE/INSECURE MODE!
[03:48:55] [Server thread/WARN]: The server will make no attempt to authenticate usernames. Beware.
[03:48:55] [Server thread/WARN]: While this makes the game possible to play without internet access, it also opens up the ability for hackers to connect with any username they choose.
[03:48:55] [Server thread/WARN]: To change this, set "online-mode" to "true" in the server.properties file.
[03:48:55] [Server thread/INFO]: Preparing level "world"
[03:48:55] [Folia Async Scheduler Thread #1/INFO]: [SkinsRestorer] ----------------------------------------------
[03:48:55] [Folia Async Scheduler Thread #1/INFO]: [SkinsRestorer]     +==================+
[03:48:55] [Folia Async Scheduler Thread #1/INFO]: [SkinsRestorer]     |   SkinsRestorer  |
[03:48:55] [Folia Async Scheduler Thread #1/INFO]: [SkinsRestorer]     |------------------|
[03:48:55] [Folia Async Scheduler Thread #1/INFO]: [SkinsRestorer]     |  Standalone Mode |
[03:48:55] [Folia Async Scheduler Thread #1/INFO]: [SkinsRestorer]     +==================+
[03:48:55] [Folia Async Scheduler Thread #1/INFO]: [SkinsRestorer] ----------------------------------------------
[03:48:55] [Folia Async Scheduler Thread #1/INFO]: [SkinsRestorer]     Version: 15.12.0
[03:48:55] [Folia Async Scheduler Thread #1/INFO]: [SkinsRestorer]     Commit: 2903414
[03:48:55] [Folia Async Scheduler Thread #1/INFO]: [SkinsRestorer]     This is the latest version!
[03:48:55] [Folia Async Scheduler Thread #1/INFO]: [SkinsRestorer] ----------------------------------------------
[03:48:55] [Folia Async Scheduler Thread #1/INFO]: [SkinsRestorer] Do you have issues? Read our troubleshooting guide: https://skinsrestorer.net/docs/troubleshooting
[03:48:55] [Folia Async Scheduler Thread #1/INFO]: [SkinsRestorer] Want to support SkinsRestorer or receive priority support? Become a supporter: https://skinsrestorer.net/pricing
[03:48:55] [Server thread/INFO]: [ca.spottedleaf.moonrise.common.util.MoonriseConstants] NUMA enable flag is not set; however there is NUMA interaction support for this OS.
[03:48:55] [Server thread/INFO]: [ca.spottedleaf.moonrise.common.util.MoonriseConstants] Detected 1 NUMA nodes.
[03:48:56] [Server thread/INFO]: Loading 0 persistent chunks for world 'minecraft:overworld'...
[03:48:56] [Server thread/INFO]: Preparing spawn area: 100%
[03:48:56] [Server thread/INFO]: Prepared spawn area in 1 ms
[03:48:56] [Server thread/INFO]: Loading 0 persistent chunks for world 'minecraft:the_nether'...
[03:48:56] [Server thread/INFO]: Prepared spawn area in 0 ms
[03:48:56] [Server thread/INFO]: Loading 0 persistent chunks for world 'minecraft:the_end'...
[03:48:56] [Server thread/INFO]: Prepared spawn area in 1 ms
[03:48:56] [Server thread/INFO]: Done preparing level "world" (1.637s)
[03:48:56] [Server thread/INFO]: [ViaVersion] Enabling ViaVersion v5.8.1
[03:48:56] [Server thread/INFO]: [ViaVersion] ViaVersion detected server version: 1.21.11 (774)
[03:48:56] [Server thread/INFO]: [floodgate] Enabling floodgate v2.2.5-SNAPSHOT (b132-5a72b6a)
[03:48:57] [Server thread/INFO]: [ViaBackwards] Enabling ViaBackwards v5.8.1
[03:48:57] [Server thread/INFO]: [Geyser-Spigot] Enabling Geyser-Spigot v2.9.5-SNAPSHOT
[03:48:59] [Server thread/INFO]: [AuthMe] Enabling AuthMe v5.6.0-bCUSTOM
[03:49:00] [Server thread/INFO]: [AuthMe] SQLite Setup finished
[03:49:00] [Server thread/INFO]: [AuthMe] No supported permissions system found! Permissions are disabled!
[03:49:00] [Server thread/WARN]: [AuthMe] WARNING! The protectInventory feature requires ProtocolLib! Disabling it...
[03:49:00] [Server thread/WARN]: [AuthMe] "AuthMe v5.6.0-bCUSTOM" has registered a listener for org.spigotmc.event.player.PlayerSpawnLocationEvent on method "public void fr.xephi.authme.listener.PlayerListener19Spigot.onPlayerSpawn(org.spigotmc.event.player.PlayerSpawnLocationEvent)", but the event is Deprecated. "Listening to this event causes the player to be created early. Using the player from this event will result in undefined behavior. Prefer AsyncPlayerSpawnLocationEvent."; please notify the authors [sgdc3, games647, Hex3l, krusic22].
[03:49:00] [Server thread/INFO]: [AuthMe] AuthMe 5.6.0 build n.CUSTOM successfully enabled!
[03:49:00] [Server thread/INFO]: [GSit] Enabling GSit v3.3.3
[03:49:00] [Server thread/INFO]: [GSit] The plugin was successfully enabled.
[03:49:01] [Server thread/INFO]: [spark] Starting background profiler...
[03:49:02] [pool-13-thread-1/WARN]: [floodgate] 
**********************************
* You specified an empty prefix in your Floodgate config for Bedrock players!
* Should a Java player join and a Bedrock player join with the same username, unwanted results and conflicts will happen!
* We strongly recommend using . as the prefix, but other alternatives that will not conflict include: +, - and *
**********************************
[03:49:02] [Server thread/INFO]: [Geyser-Spigot] ******************************************
[03:49:02] [Server thread/INFO]: [Geyser-Spigot] 
[03:49:02] [Server thread/INFO]: [Geyser-Spigot] Loading Geyser version 2.9.5-b1113 (git-master-3e91129)
[03:49:02] [Server thread/INFO]: [Geyser-Spigot] 
[03:49:02] [Server thread/INFO]: [Geyser-Spigot] ******************************************
[03:49:08] [GeyserServer-3-1/INFO]: [Geyser-Spigot] Started Geyser on UDP port 19132
[03:49:08] [Server thread/INFO]: [Geyser-Spigot] Done (6.297s)! Run /geyser help for help!
[03:49:08] [Server thread/INFO]: Running delayed init tasks
[03:49:09] [Craft Scheduler Thread - 6 - ViaVersion/INFO]: [ViaVersion] Finished mapping loading, shutting down loader executor.
[03:49:09] [Craft Scheduler Thread - 8 - AuthMe/INFO]: [AuthMe] Downloading GEO IP database, because the old database is older than 30 days or doesn't exist
[03:49:09] [Craft Scheduler Thread - 8 - AuthMe/WARN]: [AuthMe] No MaxMind credentials found in the configuration file! GeoIp protections will be disabled.
[03:49:09] [Craft Scheduler Thread - 8 - AuthMe/INFO]: [AuthMe] There is no newer GEO IP database uploaded to MaxMind. Using the old one for now.
[03:49:09] [Server thread/INFO]: Done (49.788s)! For help, type "help"
[03:49:09] [Craft Scheduler Thread - 8 - AuthMe/WARN]: [AuthMe] Could not download GeoLiteAPI database [FileNotFoundException]: plugins/AuthMe/GeoLite2-Country.mmdb (No such file or directory)
[03:49:09] [Paper Async Task Handler Thread - 1/INFO]: *** Currently you are 31 build(s) behind ***
[03:49:09] [Paper Async Task Handler Thread - 1/INFO]: *** It is highly recommended to download the latest build from https://papermc.io/downloads/paper ***
[03:49:16] [User Authenticator #0/INFO]: UUID of player ItsIsaias58 is c579aebd-492e-391d-bde4-6d86618509dc
[03:49:16] [Server thread/INFO]: [HorriblePlayerLoginEventHack] You have plugins listening to the PlayerLoginEvent, this will cause re-configuration APIs to be unavailable: [AuthMe]
[03:49:19] [Server thread/INFO]: ItsIsaias58 joined the game
[03:49:19] [Server thread/INFO]: ItsIsaias58[/127.245.152.94:38043] logged in with entity id 1 at ([world]81.71921877015822, 78.0, 596.8986588343024)
[03:49:26] [Craft Scheduler Thread - 5 - AuthMe/INFO]: [AuthMe] ItsIsaias58 logged in 127.245.152.94
